<?xml version="1.0" encoding="UTF-8"?>
<!-- Generated by org.testng.reporters.JUnitReportReporter -->
<testsuite skipped="0" hostname="DESKTOP-P2T5PHQ" name="frameWork.Sample" tests="3" failures="0" timestamp="2023-03-29T11:13:03 IST" time="0.017" errors="0">
  <testcase name="modifyContact" time="0.002" classname="frameWork.Sample"/>
  <system-out/>
  <testcase name="deleteContact" time="0.002" classname="frameWork.Sample"/>
  <system-out/>
  <testcase name="createContact" time="0.013" classname="frameWork.Sample"/>
  <system-out/>
</testsuite> <!-- frameWork.Sample -->
