<?xml version="1.0" encoding="UTF-8"?>
<!-- Generated by org.testng.reporters.JUnitReportReporter -->
<testsuite skipped="0" hostname="DESKTOP-P2T5PHQ" name="selfPractisePrograms.Grouping" tests="2" failures="0" timestamp="2023-03-29T12:12:11 IST" time="0.015" errors="0">
  <testcase name="test4" time="0.003" classname="selfPractisePrograms.Grouping"/>
  <system-out/>
  <testcase name="test2" time="0.012" classname="selfPractisePrograms.Grouping"/>
  <system-out/>
</testsuite> <!-- selfPractisePrograms.Grouping -->
