<?xml version="1.0" encoding="UTF-8"?>
<!-- Generated by org.testng.reporters.JUnitReportReporter -->
<testsuite skipped="0" hostname="DESKTOP-P2T5PHQ" name="SoftAssertTest" tests="2" failures="0" timestamp="2023-04-04T10:21:43 IST" time="0.030" errors="0">
  <testcase name="modify" time="0.003" classname="SoftAssertTest"/>
  <system-out/>
  <testcase name="createContact" time="0.027" classname="SoftAssertTest"/>
  <system-out/>
</testsuite> <!-- SoftAssertTest -->
