<?xml version="1.0" encoding="UTF-8"?>
<!-- Generated by org.testng.reporters.JUnitReportReporter -->
<testsuite skipped="0" hostname="DESKTOP-P2T5PHQ" name="selfPractisePrograms.AnnotationSequence1" tests="2" failures="0" timestamp="2023-03-29T10:42:58 IST" time="0.017" errors="0">
  <testcase name="test1" time="0.010" classname="selfPractisePrograms.AnnotationSequence1"/>
  <system-out/>
  <testcase name="test2" time="0.007" classname="selfPractisePrograms.AnnotationSequence1"/>
  <system-out/>
</testsuite> <!-- selfPractisePrograms.AnnotationSequence1 -->
