<?xml version="1.0" encoding="UTF-8"?>
<!-- Generated by org.testng.reporters.JUnitReportReporter -->
<testsuite skipped="0" hostname="DESKTOP-P2T5PHQ" name="selfPractisePrograms.DataProviderExample" tests="3" failures="0" timestamp="2023-03-30T12:21:53 IST" time="0.024" errors="0">
  <testcase name="loginTest" time="0.003" classname="selfPractisePrograms.DataProviderExample"/>
  <system-out/>
  <testcase name="loginTest" time="0.015" classname="selfPractisePrograms.DataProviderExample"/>
  <system-out/>
  <testcase name="loginTest" time="0.006" classname="selfPractisePrograms.DataProviderExample"/>
  <system-out/>
</testsuite> <!-- selfPractisePrograms.DataProviderExample -->
