<?xml version="1.0" encoding="UTF-8"?>
<!-- Generated by org.testng.reporters.JUnitReportReporter -->
<testsuite skipped="1" hostname="DESKTOP-P2T5PHQ" name="frameWork.PrioritiesPrg" tests="2" failures="0" timestamp="2023-03-29T10:59:16 IST" time="0.013" errors="0">
  <testcase name="createContact" time="0.013" classname="frameWork.PrioritiesPrg"/>
  <system-out/>
  <testcase name="deleteContact" classname="frameWork.PrioritiesPrg">
    <skipped/>
  </testcase> <!-- deleteContact -->
  <system-out/>
</testsuite> <!-- frameWork.PrioritiesPrg -->
