<?xml version="1.0" encoding="UTF-8"?>
<!-- Generated by org.testng.reporters.JUnitReportReporter -->
<testsuite skipped="0" hostname="DESKTOP-P2T5PHQ" name="selfPractisePrograms.AnnotationSeq2" tests="2" failures="0" timestamp="2023-03-29T10:42:58 IST" time="0.008" errors="0">
  <testcase name="test3" time="0.004" classname="selfPractisePrograms.AnnotationSeq2"/>
  <system-out/>
  <testcase name="test4" time="0.004" classname="selfPractisePrograms.AnnotationSeq2"/>
  <system-out/>
</testsuite> <!-- selfPractisePrograms.AnnotationSeq2 -->
